<?xml version="1.0" encoding="UTF-8"?>
<Site BuildName="(empty)"
	BuildStamp="20250519-1754-Experimental"
	Name="(empty)"
	Generator="ctest-3.28.1"
	CompilerName=""
	CompilerVersion=""
	OSName="Linux"
	Hostname="ThinkPad-T490"
	OSRelease="6.8.0-60-generic"
	OSVersion="#63-Ubuntu SMP PREEMPT_DYNAMIC Tue Apr 15 19:04:15 UTC 2025"
	OSPlatform="x86_64"
	Is64Bits="1"
	VendorString="GenuineIntel"
	VendorID="Intel Corporation"
	FamilyID="6"
	ModelID="142"
	ProcessorCacheSize="6144"
	NumberOfLogicalCPU="8"
	NumberOfPhysicalCPU="4"
	TotalVirtualMemory="0"
	TotalPhysicalMemory="15648"
	LogicalProcessorsPerPhysical="2"
	ProcessorClockFrequency="1899.99"
	>
	<Testing>
		<StartDateTime>May 19 19:54 CEST</StartDateTime>
		<StartTestTime>1747677253</StartTestTime>
		<TestList/>
		<EndDateTime>May 19 19:54 CEST</EndDateTime>
		<EndTestTime>1747677253</EndTestTime>
		<ElapsedMinutes>0</ElapsedMinutes>
	</Testing>
</Site>
